2018-03-07 12:55:31 [-][-][-][error][yii\base\InvalidConfigException] exception 'yii\base\InvalidConfigException' with message 'You should configure "authManager" component to use database before executing this migration.' in C:\xampp\htdocs\yii2-starter\vendor\yiisoft\yii2\rbac\migrations\m140506_102106_rbac_init.php:27
Stack trace:
#0 C:\xampp\htdocs\yii2-starter\vendor\yiisoft\yii2\rbac\migrations\m140506_102106_rbac_init.php(51): m140506_102106_rbac_init->getAuthManager()
#1 C:\xampp\htdocs\yii2-starter\vendor\yiisoft\yii2\console\controllers\BaseMigrateController.php(725): m140506_102106_rbac_init->up()
#2 C:\xampp\htdocs\yii2-starter\vendor\yiisoft\yii2\console\controllers\BaseMigrateController.php(199): yii\console\controllers\BaseMigrateController->migrateUp('m140506_102106_...')
#3 [internal function]: yii\console\controllers\BaseMigrateController->actionUp(0)
#4 C:\xampp\htdocs\yii2-starter\vendor\yiisoft\yii2\base\InlineAction.php(57): call_user_func_array(Array, Array)
#5 C:\xampp\htdocs\yii2-starter\vendor\yiisoft\yii2\base\Controller.php(157): yii\base\InlineAction->runWithParams(Array)
#6 C:\xampp\htdocs\yii2-starter\vendor\yiisoft\yii2\console\Controller.php(148): yii\base\Controller->runAction('', Array)
#7 C:\xampp\htdocs\yii2-starter\vendor\yiisoft\yii2\base\Module.php(528): yii\console\Controller->runAction('', Array)
#8 C:\xampp\htdocs\yii2-starter\vendor\yiisoft\yii2\console\Application.php(180): yii\base\Module->runAction('migrate', Array)
#9 C:\xampp\htdocs\yii2-starter\vendor\yiisoft\yii2\console\Application.php(147): yii\console\Application->runAction('migrate', Array)
#10 C:\xampp\htdocs\yii2-starter\vendor\yiisoft\yii2\base\Application.php(386): yii\console\Application->handleRequest(Object(yii\console\Request))
#11 C:\xampp\htdocs\yii2-starter\yii(23): yii\base\Application->run()
#12 {main}
2018-03-07 12:55:18 [-][-][-][info][application] $_GET = []

$_POST = []

$_FILES = []

$_COOKIE = []

$_SERVER = [
    'ALLUSERSPROFILE' => 'C:\\ProgramData'
    'APPDATA' => 'C:\\Users\\Jesus\\AppData\\Roaming'
    'CommonProgramFiles' => 'C:\\Program Files (x86)\\Common Files'
    'CommonProgramFiles(x86)' => 'C:\\Program Files (x86)\\Common Files'
    'CommonProgramW6432' => 'C:\\Program Files\\Common Files'
    'COMPUTERNAME' => 'JESUS-PC'
    'ComSpec' => 'C:\\Windows\\system32\\cmd.exe'
    'FP_NO_HOST_CHECK' => 'NO'
    'HOMEDRIVE' => 'C:'
    'HOMEPATH' => '\\Users\\Jesus'
    'LOCALAPPDATA' => 'C:\\Users\\Jesus\\AppData\\Local'
    'LOGONSERVER' => '\\\\JESUS-PC'
    'NUMBER_OF_PROCESSORS' => '1'
    'OS' => 'Windows_NT'
    'Path' => 'C:\\Windows\\system32;C:\\Windows;C:\\Windows\\System32\\Wbem;C:\\Windows\\System32\\WindowsPowerShell\\v1.0\\;C:\\xampp\\php;C:\\ProgramData\\ComposerSetup\\bin;C:\\Users\\Jesus\\AppData\\Roaming\\Composer\\vendor\\bin'
    'PATHEXT' => '.COM;.EXE;.BAT;.CMD;.VBS;.VBE;.JS;.JSE;.WSF;.WSH;.MSC'
    'PHP_COMMAND' => 'php.exe'
    'PROCESSOR_ARCHITECTURE' => 'x86'
    'PROCESSOR_ARCHITEW6432' => 'AMD64'
    'PROCESSOR_IDENTIFIER' => 'Intel64 Family 6 Model 78 Stepping 3, GenuineIntel'
    'PROCESSOR_LEVEL' => '6'
    'PROCESSOR_REVISION' => '4e03'
    'ProgramData' => 'C:\\ProgramData'
    'ProgramFiles' => 'C:\\Program Files (x86)'
    'ProgramFiles(x86)' => 'C:\\Program Files (x86)'
    'ProgramW6432' => 'C:\\Program Files'
    'PROMPT' => '$P$G'
    'PSModulePath' => 'C:\\Windows\\system32\\WindowsPowerShell\\v1.0\\Modules\\'
    'PUBLIC' => 'C:\\Users\\Public'
    'SESSIONNAME' => 'Console'
    'SystemDrive' => 'C:'
    'SystemRoot' => 'C:\\Windows'
    'TEMP' => 'C:\\Users\\Jesus\\AppData\\Local\\Temp'
    'TMP' => 'C:\\Users\\Jesus\\AppData\\Local\\Temp'
    'USERDOMAIN' => 'Jesus-PC'
    'USERNAME' => 'Jesus'
    'USERPROFILE' => 'C:\\Users\\Jesus'
    'windir' => 'C:\\Windows'
    'YII_PATH' => 'C:\\xampp\\htdocs\\yii2-starter\\'
    'PHP_SELF' => 'C:\\xampp\\htdocs\\yii2-starter\\yii'
    'SCRIPT_NAME' => 'C:\\xampp\\htdocs\\yii2-starter\\yii'
    'SCRIPT_FILENAME' => 'C:\\xampp\\htdocs\\yii2-starter\\yii'
    'PATH_TRANSLATED' => 'C:\\xampp\\htdocs\\yii2-starter\\yii'
    'DOCUMENT_ROOT' => ''
    'REQUEST_TIME_FLOAT' => 1520423718.5284
    'REQUEST_TIME' => 1520423718
    'argv' => [
        0 => 'C:\\xampp\\htdocs\\yii2-starter\\yii'
        1 => 'migrate'
        2 => '--migrationPath=@yii/rbac/migrations'
    ]
    'argc' => 3
]
2018-07-01 03:20:51 [-][-][-][error][yii\base\UnknownPropertyException] exception 'yii\base\UnknownPropertyException' with message 'Getting unknown property: yii\console\ErrorHandler::errorAction' in C:\xampp\htdocs\yii2-starter\vendor\yiisoft\yii2\base\Component.php:154
Stack trace:
#0 C:\xampp\htdocs\yii2-starter\vendor\mdmsoft\yii2-admin\components\AccessControl.php(98): yii\base\Component->__get('errorAction')
#1 C:\xampp\htdocs\yii2-starter\vendor\yiisoft\yii2\base\ActionFilter.php(73): mdm\admin\components\AccessControl->isActive(Object(yii\base\InlineAction))
#2 [internal function]: yii\base\ActionFilter->beforeFilter(Object(yii\base\ActionEvent))
#3 C:\xampp\htdocs\yii2-starter\vendor\yiisoft\yii2\base\Component.php(627): call_user_func(Array, Object(yii\base\ActionEvent))
#4 C:\xampp\htdocs\yii2-starter\vendor\yiisoft\yii2\base\Module.php(700): yii\base\Component->trigger('beforeAction', Object(yii\base\ActionEvent))
#5 C:\xampp\htdocs\yii2-starter\vendor\yiisoft\yii2\base\Controller.php(145): yii\base\Module->beforeAction(Object(yii\base\InlineAction))
#6 C:\xampp\htdocs\yii2-starter\vendor\yiisoft\yii2\console\Controller.php(148): yii\base\Controller->runAction('', Array)
#7 C:\xampp\htdocs\yii2-starter\vendor\yiisoft\yii2\base\Module.php(528): yii\console\Controller->runAction('', Array)
#8 C:\xampp\htdocs\yii2-starter\vendor\yiisoft\yii2\console\Application.php(180): yii\base\Module->runAction('migrate', Array)
#9 C:\xampp\htdocs\yii2-starter\vendor\yiisoft\yii2\console\Application.php(147): yii\console\Application->runAction('migrate', Array)
#10 C:\xampp\htdocs\yii2-starter\vendor\yiisoft\yii2\base\Application.php(386): yii\console\Application->handleRequest(Object(yii\console\Request))
#11 C:\xampp\htdocs\yii2-starter\yii(23): yii\base\Application->run()
#12 {main}
2018-07-01 03:20:51 [-][-][-][info][application] $_GET = []

$_POST = []

$_FILES = []

$_COOKIE = []

$_SERVER = [
    'ALLUSERSPROFILE' => 'C:\\ProgramData'
    'APPDATA' => 'C:\\Users\\Jesus\\AppData\\Roaming'
    'CommonProgramFiles' => 'C:\\Program Files (x86)\\Common Files'
    'CommonProgramFiles(x86)' => 'C:\\Program Files (x86)\\Common Files'
    'CommonProgramW6432' => 'C:\\Program Files\\Common Files'
    'COMPUTERNAME' => 'JESUS-PC'
    'ComSpec' => 'C:\\Windows\\system32\\cmd.exe'
    'FP_NO_HOST_CHECK' => 'NO'
    'HOMEDRIVE' => 'C:'
    'HOMEPATH' => '\\Users\\Jesus'
    'LOCALAPPDATA' => 'C:\\Users\\Jesus\\AppData\\Local'
    'LOGONSERVER' => '\\\\JESUS-PC'
    'NUMBER_OF_PROCESSORS' => '1'
    'OS' => 'Windows_NT'
    'Path' => 'C:\\ProgramData\\Oracle\\Java\\javapath;C:\\Windows\\system32;C:\\Windows;C:\\Windows\\System32\\Wbem;C:\\Windows\\System32\\WindowsPowerShell\\v1.0\\;C:\\xampp\\php;C:\\ProgramData\\ComposerSetup\\bin;C:\\Program Files\\Git\\cmd;C:\\Users\\Jesus\\AppData\\Roaming\\Composer\\vendor\\bin'
    'PATHEXT' => '.COM;.EXE;.BAT;.CMD;.VBS;.VBE;.JS;.JSE;.WSF;.WSH;.MSC'
    'PROCESSOR_ARCHITECTURE' => 'x86'
    'PROCESSOR_ARCHITEW6432' => 'AMD64'
    'PROCESSOR_IDENTIFIER' => 'Intel64 Family 6 Model 78 Stepping 3, GenuineIntel'
    'PROCESSOR_LEVEL' => '6'
    'PROCESSOR_REVISION' => '4e03'
    'ProgramData' => 'C:\\ProgramData'
    'ProgramFiles' => 'C:\\Program Files (x86)'
    'ProgramFiles(x86)' => 'C:\\Program Files (x86)'
    'ProgramW6432' => 'C:\\Program Files'
    'PROMPT' => '$P$G'
    'PSModulePath' => 'C:\\Windows\\system32\\WindowsPowerShell\\v1.0\\Modules\\'
    'PUBLIC' => 'C:\\Users\\Public'
    'SystemDrive' => 'C:'
    'SystemRoot' => 'C:\\Windows'
    'TEMP' => 'C:\\Users\\Jesus\\AppData\\Local\\Temp'
    'TMP' => 'C:\\Users\\Jesus\\AppData\\Local\\Temp'
    'USERDOMAIN' => 'Jesus-PC'
    'USERNAME' => 'Jesus'
    'USERPROFILE' => 'C:\\Users\\Jesus'
    'windir' => 'C:\\Windows'
    'PHP_SELF' => 'yii'
    'SCRIPT_NAME' => 'yii'
    'SCRIPT_FILENAME' => 'yii'
    'PATH_TRANSLATED' => 'yii'
    'DOCUMENT_ROOT' => ''
    'REQUEST_TIME_FLOAT' => 1530408051.3299
    'REQUEST_TIME' => 1530408051
    'argv' => [
        0 => 'yii'
        1 => 'migrate'
        2 => '--migrationPath=@vendor/giannisdag/yii2-check-login-attempts/src/migrations'
        3 => '--interactive=0'
    ]
    'argc' => 4
]
2018-07-01 03:22:16 [-][-][-][error][yii\base\UnknownPropertyException] exception 'yii\base\UnknownPropertyException' with message 'Getting unknown property: yii\console\ErrorHandler::errorAction' in C:\xampp\htdocs\yii2-starter\vendor\yiisoft\yii2\base\Component.php:154
Stack trace:
#0 C:\xampp\htdocs\yii2-starter\vendor\mdmsoft\yii2-admin\components\AccessControl.php(98): yii\base\Component->__get('errorAction')
#1 C:\xampp\htdocs\yii2-starter\vendor\yiisoft\yii2\base\ActionFilter.php(73): mdm\admin\components\AccessControl->isActive(Object(yii\base\InlineAction))
#2 [internal function]: yii\base\ActionFilter->beforeFilter(Object(yii\base\ActionEvent))
#3 C:\xampp\htdocs\yii2-starter\vendor\yiisoft\yii2\base\Component.php(627): call_user_func(Array, Object(yii\base\ActionEvent))
#4 C:\xampp\htdocs\yii2-starter\vendor\yiisoft\yii2\base\Module.php(700): yii\base\Component->trigger('beforeAction', Object(yii\base\ActionEvent))
#5 C:\xampp\htdocs\yii2-starter\vendor\yiisoft\yii2\base\Controller.php(145): yii\base\Module->beforeAction(Object(yii\base\InlineAction))
#6 C:\xampp\htdocs\yii2-starter\vendor\yiisoft\yii2\console\Controller.php(148): yii\base\Controller->runAction('', Array)
#7 C:\xampp\htdocs\yii2-starter\vendor\yiisoft\yii2\base\Module.php(528): yii\console\Controller->runAction('', Array)
#8 C:\xampp\htdocs\yii2-starter\vendor\yiisoft\yii2\console\Application.php(180): yii\base\Module->runAction('migrate', Array)
#9 C:\xampp\htdocs\yii2-starter\vendor\yiisoft\yii2\console\Application.php(147): yii\console\Application->runAction('migrate', Array)
#10 C:\xampp\htdocs\yii2-starter\vendor\yiisoft\yii2\base\Application.php(386): yii\console\Application->handleRequest(Object(yii\console\Request))
#11 C:\xampp\htdocs\yii2-starter\yii(23): yii\base\Application->run()
#12 {main}
2018-07-01 03:22:16 [-][-][-][info][application] $_GET = []

$_POST = []

$_FILES = []

$_COOKIE = []

$_SERVER = [
    'ALLUSERSPROFILE' => 'C:\\ProgramData'
    'APPDATA' => 'C:\\Users\\Jesus\\AppData\\Roaming'
    'CommonProgramFiles' => 'C:\\Program Files (x86)\\Common Files'
    'CommonProgramFiles(x86)' => 'C:\\Program Files (x86)\\Common Files'
    'CommonProgramW6432' => 'C:\\Program Files\\Common Files'
    'COMPUTERNAME' => 'JESUS-PC'
    'ComSpec' => 'C:\\Windows\\system32\\cmd.exe'
    'FP_NO_HOST_CHECK' => 'NO'
    'HOMEDRIVE' => 'C:'
    'HOMEPATH' => '\\Users\\Jesus'
    'LOCALAPPDATA' => 'C:\\Users\\Jesus\\AppData\\Local'
    'LOGONSERVER' => '\\\\JESUS-PC'
    'NUMBER_OF_PROCESSORS' => '1'
    'OS' => 'Windows_NT'
    'Path' => 'C:\\ProgramData\\Oracle\\Java\\javapath;C:\\Windows\\system32;C:\\Windows;C:\\Windows\\System32\\Wbem;C:\\Windows\\System32\\WindowsPowerShell\\v1.0\\;C:\\xampp\\php;C:\\ProgramData\\ComposerSetup\\bin;C:\\Program Files\\Git\\cmd;C:\\Users\\Jesus\\AppData\\Roaming\\Composer\\vendor\\bin'
    'PATHEXT' => '.COM;.EXE;.BAT;.CMD;.VBS;.VBE;.JS;.JSE;.WSF;.WSH;.MSC'
    'PROCESSOR_ARCHITECTURE' => 'x86'
    'PROCESSOR_ARCHITEW6432' => 'AMD64'
    'PROCESSOR_IDENTIFIER' => 'Intel64 Family 6 Model 78 Stepping 3, GenuineIntel'
    'PROCESSOR_LEVEL' => '6'
    'PROCESSOR_REVISION' => '4e03'
    'ProgramData' => 'C:\\ProgramData'
    'ProgramFiles' => 'C:\\Program Files (x86)'
    'ProgramFiles(x86)' => 'C:\\Program Files (x86)'
    'ProgramW6432' => 'C:\\Program Files'
    'PROMPT' => '$P$G'
    'PSModulePath' => 'C:\\Windows\\system32\\WindowsPowerShell\\v1.0\\Modules\\'
    'PUBLIC' => 'C:\\Users\\Public'
    'SystemDrive' => 'C:'
    'SystemRoot' => 'C:\\Windows'
    'TEMP' => 'C:\\Users\\Jesus\\AppData\\Local\\Temp'
    'TMP' => 'C:\\Users\\Jesus\\AppData\\Local\\Temp'
    'USERDOMAIN' => 'Jesus-PC'
    'USERNAME' => 'Jesus'
    'USERPROFILE' => 'C:\\Users\\Jesus'
    'windir' => 'C:\\Windows'
    'PHP_SELF' => 'yii'
    'SCRIPT_NAME' => 'yii'
    'SCRIPT_FILENAME' => 'yii'
    'PATH_TRANSLATED' => 'yii'
    'DOCUMENT_ROOT' => ''
    'REQUEST_TIME_FLOAT' => 1530408136.666
    'REQUEST_TIME' => 1530408136
    'argv' => [
        0 => 'yii'
        1 => 'migrate'
        2 => '--migrationPath=@vendor/giannisdag/yii2-check-login-attempts/src/migrations'
        3 => '--interactive=0'
    ]
    'argc' => 4
]
2018-07-01 03:36:20 [-][-][-][error][yii\base\UnknownPropertyException] exception 'yii\base\UnknownPropertyException' with message 'Getting unknown property: yii\console\ErrorHandler::errorAction' in C:\xampp\htdocs\yii2-starter\vendor\yiisoft\yii2\base\Component.php:154
Stack trace:
#0 C:\xampp\htdocs\yii2-starter\vendor\mdmsoft\yii2-admin\components\AccessControl.php(98): yii\base\Component->__get('errorAction')
#1 C:\xampp\htdocs\yii2-starter\vendor\yiisoft\yii2\base\ActionFilter.php(73): mdm\admin\components\AccessControl->isActive(Object(yii\base\InlineAction))
#2 [internal function]: yii\base\ActionFilter->beforeFilter(Object(yii\base\ActionEvent))
#3 C:\xampp\htdocs\yii2-starter\vendor\yiisoft\yii2\base\Component.php(627): call_user_func(Array, Object(yii\base\ActionEvent))
#4 C:\xampp\htdocs\yii2-starter\vendor\yiisoft\yii2\base\Module.php(700): yii\base\Component->trigger('beforeAction', Object(yii\base\ActionEvent))
#5 C:\xampp\htdocs\yii2-starter\vendor\yiisoft\yii2\base\Controller.php(145): yii\base\Module->beforeAction(Object(yii\base\InlineAction))
#6 C:\xampp\htdocs\yii2-starter\vendor\yiisoft\yii2\console\Controller.php(148): yii\base\Controller->runAction('', Array)
#7 C:\xampp\htdocs\yii2-starter\vendor\yiisoft\yii2\base\Module.php(528): yii\console\Controller->runAction('', Array)
#8 C:\xampp\htdocs\yii2-starter\vendor\yiisoft\yii2\console\Application.php(180): yii\base\Module->runAction('migrate', Array)
#9 C:\xampp\htdocs\yii2-starter\vendor\yiisoft\yii2\console\Application.php(147): yii\console\Application->runAction('migrate', Array)
#10 C:\xampp\htdocs\yii2-starter\vendor\yiisoft\yii2\base\Application.php(386): yii\console\Application->handleRequest(Object(yii\console\Request))
#11 C:\xampp\htdocs\yii2-starter\yii(23): yii\base\Application->run()
#12 {main}
2018-07-01 03:36:20 [-][-][-][info][application] $_GET = []

$_POST = []

$_FILES = []

$_COOKIE = []

$_SERVER = [
    'ALLUSERSPROFILE' => 'C:\\ProgramData'
    'APPDATA' => 'C:\\Users\\Jesus\\AppData\\Roaming'
    'CommonProgramFiles' => 'C:\\Program Files (x86)\\Common Files'
    'CommonProgramFiles(x86)' => 'C:\\Program Files (x86)\\Common Files'
    'CommonProgramW6432' => 'C:\\Program Files\\Common Files'
    'COMPUTERNAME' => 'JESUS-PC'
    'ComSpec' => 'C:\\Windows\\system32\\cmd.exe'
    'FP_NO_HOST_CHECK' => 'NO'
    'HOMEDRIVE' => 'C:'
    'HOMEPATH' => '\\Users\\Jesus'
    'LOCALAPPDATA' => 'C:\\Users\\Jesus\\AppData\\Local'
    'LOGONSERVER' => '\\\\JESUS-PC'
    'NUMBER_OF_PROCESSORS' => '1'
    'OS' => 'Windows_NT'
    'Path' => 'C:\\ProgramData\\Oracle\\Java\\javapath;C:\\Windows\\system32;C:\\Windows;C:\\Windows\\System32\\Wbem;C:\\Windows\\System32\\WindowsPowerShell\\v1.0\\;C:\\xampp\\php;C:\\ProgramData\\ComposerSetup\\bin;C:\\Program Files\\Git\\cmd;C:\\Users\\Jesus\\AppData\\Roaming\\Composer\\vendor\\bin'
    'PATHEXT' => '.COM;.EXE;.BAT;.CMD;.VBS;.VBE;.JS;.JSE;.WSF;.WSH;.MSC'
    'PROCESSOR_ARCHITECTURE' => 'x86'
    'PROCESSOR_ARCHITEW6432' => 'AMD64'
    'PROCESSOR_IDENTIFIER' => 'Intel64 Family 6 Model 78 Stepping 3, GenuineIntel'
    'PROCESSOR_LEVEL' => '6'
    'PROCESSOR_REVISION' => '4e03'
    'ProgramData' => 'C:\\ProgramData'
    'ProgramFiles' => 'C:\\Program Files (x86)'
    'ProgramFiles(x86)' => 'C:\\Program Files (x86)'
    'ProgramW6432' => 'C:\\Program Files'
    'PROMPT' => '$P$G'
    'PSModulePath' => 'C:\\Windows\\system32\\WindowsPowerShell\\v1.0\\Modules\\'
    'PUBLIC' => 'C:\\Users\\Public'
    'SystemDrive' => 'C:'
    'SystemRoot' => 'C:\\Windows'
    'TEMP' => 'C:\\Users\\Jesus\\AppData\\Local\\Temp'
    'TMP' => 'C:\\Users\\Jesus\\AppData\\Local\\Temp'
    'USERDOMAIN' => 'Jesus-PC'
    'USERNAME' => 'Jesus'
    'USERPROFILE' => 'C:\\Users\\Jesus'
    'windir' => 'C:\\Windows'
    'PHP_SELF' => 'yii'
    'SCRIPT_NAME' => 'yii'
    'SCRIPT_FILENAME' => 'yii'
    'PATH_TRANSLATED' => 'yii'
    'DOCUMENT_ROOT' => ''
    'REQUEST_TIME_FLOAT' => 1530408980.2101
    'REQUEST_TIME' => 1530408980
    'argv' => [
        0 => 'yii'
        1 => 'migrate'
        2 => '--migrationPath=vendor/ethercreative/yii2-login-attempts-behavior/src/migrations'
        3 => '--interactive=0'
    ]
    'argc' => 4
]
2018-07-01 03:36:40 [-][-][-][error][yii\base\UnknownPropertyException] exception 'yii\base\UnknownPropertyException' with message 'Getting unknown property: yii\console\ErrorHandler::errorAction' in C:\xampp\htdocs\yii2-starter\vendor\yiisoft\yii2\base\Component.php:154
Stack trace:
#0 C:\xampp\htdocs\yii2-starter\vendor\mdmsoft\yii2-admin\components\AccessControl.php(98): yii\base\Component->__get('errorAction')
#1 C:\xampp\htdocs\yii2-starter\vendor\yiisoft\yii2\base\ActionFilter.php(73): mdm\admin\components\AccessControl->isActive(Object(yii\base\InlineAction))
#2 [internal function]: yii\base\ActionFilter->beforeFilter(Object(yii\base\ActionEvent))
#3 C:\xampp\htdocs\yii2-starter\vendor\yiisoft\yii2\base\Component.php(627): call_user_func(Array, Object(yii\base\ActionEvent))
#4 C:\xampp\htdocs\yii2-starter\vendor\yiisoft\yii2\base\Module.php(700): yii\base\Component->trigger('beforeAction', Object(yii\base\ActionEvent))
#5 C:\xampp\htdocs\yii2-starter\vendor\yiisoft\yii2\base\Controller.php(145): yii\base\Module->beforeAction(Object(yii\base\InlineAction))
#6 C:\xampp\htdocs\yii2-starter\vendor\yiisoft\yii2\console\Controller.php(148): yii\base\Controller->runAction('', Array)
#7 C:\xampp\htdocs\yii2-starter\vendor\yiisoft\yii2\base\Module.php(528): yii\console\Controller->runAction('', Array)
#8 C:\xampp\htdocs\yii2-starter\vendor\yiisoft\yii2\console\Application.php(180): yii\base\Module->runAction('migrate', Array)
#9 C:\xampp\htdocs\yii2-starter\vendor\yiisoft\yii2\console\Application.php(147): yii\console\Application->runAction('migrate', Array)
#10 C:\xampp\htdocs\yii2-starter\vendor\yiisoft\yii2\base\Application.php(386): yii\console\Application->handleRequest(Object(yii\console\Request))
#11 C:\xampp\htdocs\yii2-starter\yii(23): yii\base\Application->run()
#12 {main}
2018-07-01 03:36:40 [-][-][-][info][application] $_GET = []

$_POST = []

$_FILES = []

$_COOKIE = []

$_SERVER = [
    'ALLUSERSPROFILE' => 'C:\\ProgramData'
    'APPDATA' => 'C:\\Users\\Jesus\\AppData\\Roaming'
    'CommonProgramFiles' => 'C:\\Program Files (x86)\\Common Files'
    'CommonProgramFiles(x86)' => 'C:\\Program Files (x86)\\Common Files'
    'CommonProgramW6432' => 'C:\\Program Files\\Common Files'
    'COMPUTERNAME' => 'JESUS-PC'
    'ComSpec' => 'C:\\Windows\\system32\\cmd.exe'
    'FP_NO_HOST_CHECK' => 'NO'
    'HOMEDRIVE' => 'C:'
    'HOMEPATH' => '\\Users\\Jesus'
    'LOCALAPPDATA' => 'C:\\Users\\Jesus\\AppData\\Local'
    'LOGONSERVER' => '\\\\JESUS-PC'
    'NUMBER_OF_PROCESSORS' => '1'
    'OS' => 'Windows_NT'
    'Path' => 'C:\\ProgramData\\Oracle\\Java\\javapath;C:\\Windows\\system32;C:\\Windows;C:\\Windows\\System32\\Wbem;C:\\Windows\\System32\\WindowsPowerShell\\v1.0\\;C:\\xampp\\php;C:\\ProgramData\\ComposerSetup\\bin;C:\\Program Files\\Git\\cmd;C:\\Users\\Jesus\\AppData\\Roaming\\Composer\\vendor\\bin'
    'PATHEXT' => '.COM;.EXE;.BAT;.CMD;.VBS;.VBE;.JS;.JSE;.WSF;.WSH;.MSC'
    'PROCESSOR_ARCHITECTURE' => 'x86'
    'PROCESSOR_ARCHITEW6432' => 'AMD64'
    'PROCESSOR_IDENTIFIER' => 'Intel64 Family 6 Model 78 Stepping 3, GenuineIntel'
    'PROCESSOR_LEVEL' => '6'
    'PROCESSOR_REVISION' => '4e03'
    'ProgramData' => 'C:\\ProgramData'
    'ProgramFiles' => 'C:\\Program Files (x86)'
    'ProgramFiles(x86)' => 'C:\\Program Files (x86)'
    'ProgramW6432' => 'C:\\Program Files'
    'PROMPT' => '$P$G'
    'PSModulePath' => 'C:\\Windows\\system32\\WindowsPowerShell\\v1.0\\Modules\\'
    'PUBLIC' => 'C:\\Users\\Public'
    'SystemDrive' => 'C:'
    'SystemRoot' => 'C:\\Windows'
    'TEMP' => 'C:\\Users\\Jesus\\AppData\\Local\\Temp'
    'TMP' => 'C:\\Users\\Jesus\\AppData\\Local\\Temp'
    'USERDOMAIN' => 'Jesus-PC'
    'USERNAME' => 'Jesus'
    'USERPROFILE' => 'C:\\Users\\Jesus'
    'windir' => 'C:\\Windows'
    'PHP_SELF' => 'yii'
    'SCRIPT_NAME' => 'yii'
    'SCRIPT_FILENAME' => 'yii'
    'PATH_TRANSLATED' => 'yii'
    'DOCUMENT_ROOT' => ''
    'REQUEST_TIME_FLOAT' => 1530409000.3617
    'REQUEST_TIME' => 1530409000
    'argv' => [
        0 => 'yii'
        1 => 'migrate'
        2 => '--migrationPath=vendor/ethercreative/yii2-login-attempts-behavior/src/migrations'
        3 => '--interactive=0'
    ]
    'argc' => 4
]
2018-07-01 06:36:59 [-][-][-][error][yii\base\UnknownPropertyException] exception 'yii\base\UnknownPropertyException' with message 'Getting unknown property: yii\console\ErrorHandler::errorAction' in C:\xampp\htdocs\yii2-starter\vendor\yiisoft\yii2\base\Component.php:154
Stack trace:
#0 C:\xampp\htdocs\yii2-starter\vendor\mdmsoft\yii2-admin\components\AccessControl.php(98): yii\base\Component->__get('errorAction')
#1 C:\xampp\htdocs\yii2-starter\vendor\yiisoft\yii2\base\ActionFilter.php(73): mdm\admin\components\AccessControl->isActive(Object(yii\base\InlineAction))
#2 [internal function]: yii\base\ActionFilter->beforeFilter(Object(yii\base\ActionEvent))
#3 C:\xampp\htdocs\yii2-starter\vendor\yiisoft\yii2\base\Component.php(627): call_user_func(Array, Object(yii\base\ActionEvent))
#4 C:\xampp\htdocs\yii2-starter\vendor\yiisoft\yii2\base\Module.php(700): yii\base\Component->trigger('beforeAction', Object(yii\base\ActionEvent))
#5 C:\xampp\htdocs\yii2-starter\vendor\yiisoft\yii2\base\Controller.php(145): yii\base\Module->beforeAction(Object(yii\base\InlineAction))
#6 C:\xampp\htdocs\yii2-starter\vendor\yiisoft\yii2\console\Controller.php(148): yii\base\Controller->runAction('', Array)
#7 C:\xampp\htdocs\yii2-starter\vendor\yiisoft\yii2\base\Module.php(528): yii\console\Controller->runAction('', Array)
#8 C:\xampp\htdocs\yii2-starter\vendor\yiisoft\yii2\console\Application.php(180): yii\base\Module->runAction('migrate', Array)
#9 C:\xampp\htdocs\yii2-starter\vendor\yiisoft\yii2\console\Application.php(147): yii\console\Application->runAction('migrate', Array)
#10 C:\xampp\htdocs\yii2-starter\vendor\yiisoft\yii2\base\Application.php(386): yii\console\Application->handleRequest(Object(yii\console\Request))
#11 C:\xampp\htdocs\yii2-starter\yii(23): yii\base\Application->run()
#12 {main}
2018-07-01 06:36:59 [-][-][-][info][application] $_GET = []

$_POST = []

$_FILES = []

$_COOKIE = []

$_SERVER = [
    'ALLUSERSPROFILE' => 'C:\\ProgramData'
    'APPDATA' => 'C:\\Users\\Jesus\\AppData\\Roaming'
    'CommonProgramFiles' => 'C:\\Program Files (x86)\\Common Files'
    'CommonProgramFiles(x86)' => 'C:\\Program Files (x86)\\Common Files'
    'CommonProgramW6432' => 'C:\\Program Files\\Common Files'
    'COMPUTERNAME' => 'JESUS-PC'
    'ComSpec' => 'C:\\Windows\\system32\\cmd.exe'
    'FP_NO_HOST_CHECK' => 'NO'
    'HOMEDRIVE' => 'C:'
    'HOMEPATH' => '\\Users\\Jesus'
    'LOCALAPPDATA' => 'C:\\Users\\Jesus\\AppData\\Local'
    'LOGONSERVER' => '\\\\JESUS-PC'
    'NUMBER_OF_PROCESSORS' => '1'
    'OS' => 'Windows_NT'
    'Path' => 'C:\\ProgramData\\Oracle\\Java\\javapath;C:\\Windows\\system32;C:\\Windows;C:\\Windows\\System32\\Wbem;C:\\Windows\\System32\\WindowsPowerShell\\v1.0\\;C:\\xampp\\php;C:\\ProgramData\\ComposerSetup\\bin;C:\\Program Files\\Git\\cmd;C:\\Users\\Jesus\\AppData\\Roaming\\Composer\\vendor\\bin'
    'PATHEXT' => '.COM;.EXE;.BAT;.CMD;.VBS;.VBE;.JS;.JSE;.WSF;.WSH;.MSC'
    'PROCESSOR_ARCHITECTURE' => 'x86'
    'PROCESSOR_ARCHITEW6432' => 'AMD64'
    'PROCESSOR_IDENTIFIER' => 'Intel64 Family 6 Model 78 Stepping 3, GenuineIntel'
    'PROCESSOR_LEVEL' => '6'
    'PROCESSOR_REVISION' => '4e03'
    'ProgramData' => 'C:\\ProgramData'
    'ProgramFiles' => 'C:\\Program Files (x86)'
    'ProgramFiles(x86)' => 'C:\\Program Files (x86)'
    'ProgramW6432' => 'C:\\Program Files'
    'PROMPT' => '$P$G'
    'PSModulePath' => 'C:\\Windows\\system32\\WindowsPowerShell\\v1.0\\Modules\\'
    'PUBLIC' => 'C:\\Users\\Public'
    'SystemDrive' => 'C:'
    'SystemRoot' => 'C:\\Windows'
    'TEMP' => 'C:\\Users\\Jesus\\AppData\\Local\\Temp'
    'TMP' => 'C:\\Users\\Jesus\\AppData\\Local\\Temp'
    'USERDOMAIN' => 'Jesus-PC'
    'USERNAME' => 'Jesus'
    'USERPROFILE' => 'C:\\Users\\Jesus'
    'windir' => 'C:\\Windows'
    'PHP_SELF' => 'yii'
    'SCRIPT_NAME' => 'yii'
    'SCRIPT_FILENAME' => 'yii'
    'PATH_TRANSLATED' => 'yii'
    'DOCUMENT_ROOT' => ''
    'REQUEST_TIME_FLOAT' => 1530419819.0625
    'REQUEST_TIME' => 1530419819
    'argv' => [
        0 => 'yii'
        1 => 'migrate'
        2 => '--migrationPath=vendor/ethercreative/yii2-login-attempts-behavior/src/migrations'
        3 => '--interactive=0'
    ]
    'argc' => 4
]
2018-07-01 07:15:52 [-][-][-][error][yii\base\UnknownPropertyException] exception 'yii\base\UnknownPropertyException' with message 'Getting unknown property: yii\console\ErrorHandler::errorAction' in C:\xampp\htdocs\yii2-starter\vendor\yiisoft\yii2\base\Component.php:154
Stack trace:
#0 C:\xampp\htdocs\yii2-starter\vendor\mdmsoft\yii2-admin\components\AccessControl.php(98): yii\base\Component->__get('errorAction')
#1 C:\xampp\htdocs\yii2-starter\vendor\yiisoft\yii2\base\ActionFilter.php(73): mdm\admin\components\AccessControl->isActive(Object(yii\base\InlineAction))
#2 [internal function]: yii\base\ActionFilter->beforeFilter(Object(yii\base\ActionEvent))
#3 C:\xampp\htdocs\yii2-starter\vendor\yiisoft\yii2\base\Component.php(627): call_user_func(Array, Object(yii\base\ActionEvent))
#4 C:\xampp\htdocs\yii2-starter\vendor\yiisoft\yii2\base\Module.php(700): yii\base\Component->trigger('beforeAction', Object(yii\base\ActionEvent))
#5 C:\xampp\htdocs\yii2-starter\vendor\yiisoft\yii2\base\Controller.php(145): yii\base\Module->beforeAction(Object(yii\base\InlineAction))
#6 C:\xampp\htdocs\yii2-starter\vendor\yiisoft\yii2\console\Controller.php(148): yii\base\Controller->runAction('', Array)
#7 C:\xampp\htdocs\yii2-starter\vendor\yiisoft\yii2\base\Module.php(528): yii\console\Controller->runAction('', Array)
#8 C:\xampp\htdocs\yii2-starter\vendor\yiisoft\yii2\console\Application.php(180): yii\base\Module->runAction('migrate', Array)
#9 C:\xampp\htdocs\yii2-starter\vendor\yiisoft\yii2\console\Application.php(147): yii\console\Application->runAction('migrate', Array)
#10 C:\xampp\htdocs\yii2-starter\vendor\yiisoft\yii2\base\Application.php(386): yii\console\Application->handleRequest(Object(yii\console\Request))
#11 C:\xampp\htdocs\yii2-starter\yii(23): yii\base\Application->run()
#12 {main}
2018-07-01 07:15:52 [-][-][-][info][application] $_GET = []

$_POST = []

$_FILES = []

$_COOKIE = []

$_SERVER = [
    'ALLUSERSPROFILE' => 'C:\\ProgramData'
    'APPDATA' => 'C:\\Users\\Jesus\\AppData\\Roaming'
    'CommonProgramFiles' => 'C:\\Program Files (x86)\\Common Files'
    'CommonProgramFiles(x86)' => 'C:\\Program Files (x86)\\Common Files'
    'CommonProgramW6432' => 'C:\\Program Files\\Common Files'
    'COMPUTERNAME' => 'JESUS-PC'
    'ComSpec' => 'C:\\Windows\\system32\\cmd.exe'
    'FP_NO_HOST_CHECK' => 'NO'
    'HOMEDRIVE' => 'C:'
    'HOMEPATH' => '\\Users\\Jesus'
    'LOCALAPPDATA' => 'C:\\Users\\Jesus\\AppData\\Local'
    'LOGONSERVER' => '\\\\JESUS-PC'
    'NUMBER_OF_PROCESSORS' => '1'
    'OS' => 'Windows_NT'
    'Path' => 'C:\\ProgramData\\Oracle\\Java\\javapath;C:\\Windows\\system32;C:\\Windows;C:\\Windows\\System32\\Wbem;C:\\Windows\\System32\\WindowsPowerShell\\v1.0\\;C:\\xampp\\php;C:\\ProgramData\\ComposerSetup\\bin;C:\\Program Files\\Git\\cmd;C:\\Users\\Jesus\\AppData\\Roaming\\Composer\\vendor\\bin'
    'PATHEXT' => '.COM;.EXE;.BAT;.CMD;.VBS;.VBE;.JS;.JSE;.WSF;.WSH;.MSC'
    'PHP_COMMAND' => 'php.exe'
    'PROCESSOR_ARCHITECTURE' => 'x86'
    'PROCESSOR_ARCHITEW6432' => 'AMD64'
    'PROCESSOR_IDENTIFIER' => 'Intel64 Family 6 Model 78 Stepping 3, GenuineIntel'
    'PROCESSOR_LEVEL' => '6'
    'PROCESSOR_REVISION' => '4e03'
    'ProgramData' => 'C:\\ProgramData'
    'ProgramFiles' => 'C:\\Program Files (x86)'
    'ProgramFiles(x86)' => 'C:\\Program Files (x86)'
    'ProgramW6432' => 'C:\\Program Files'
    'PROMPT' => '$P$G'
    'PSModulePath' => 'C:\\Windows\\system32\\WindowsPowerShell\\v1.0\\Modules\\'
    'PUBLIC' => 'C:\\Users\\Public'
    'SystemDrive' => 'C:'
    'SystemRoot' => 'C:\\Windows'
    'TEMP' => 'C:\\Users\\Jesus\\AppData\\Local\\Temp'
    'TMP' => 'C:\\Users\\Jesus\\AppData\\Local\\Temp'
    'USERDOMAIN' => 'Jesus-PC'
    'USERNAME' => 'Jesus'
    'USERPROFILE' => 'C:\\Users\\Jesus'
    'windir' => 'C:\\Windows'
    'YII_PATH' => 'C:\\xampp\\htdocs\\yii2-starter\\'
    'PHP_SELF' => 'C:\\xampp\\htdocs\\yii2-starter\\yii'
    'SCRIPT_NAME' => 'C:\\xampp\\htdocs\\yii2-starter\\yii'
    'SCRIPT_FILENAME' => 'C:\\xampp\\htdocs\\yii2-starter\\yii'
    'PATH_TRANSLATED' => 'C:\\xampp\\htdocs\\yii2-starter\\yii'
    'DOCUMENT_ROOT' => ''
    'REQUEST_TIME_FLOAT' => 1530422152.8848
    'REQUEST_TIME' => 1530422152
    'argv' => [
        0 => 'C:\\xampp\\htdocs\\yii2-starter\\yii'
        1 => 'migrate'
        2 => '--migrationPath=vendor/ethercreative/yii2-login-attempts-behavior/src/migrations'
        3 => '--interactive=0'
    ]
    'argc' => 4
]
2018-07-01 07:22:49 [-][-][-][error][yii\base\UnknownPropertyException] exception 'yii\base\UnknownPropertyException' with message 'Getting unknown property: yii\console\ErrorHandler::errorAction' in C:\xampp\htdocs\yii2-starter\vendor\yiisoft\yii2\base\Component.php:154
Stack trace:
#0 C:\xampp\htdocs\yii2-starter\vendor\mdmsoft\yii2-admin\components\AccessControl.php(98): yii\base\Component->__get('errorAction')
#1 C:\xampp\htdocs\yii2-starter\vendor\yiisoft\yii2\base\ActionFilter.php(73): mdm\admin\components\AccessControl->isActive(Object(yii\base\InlineAction))
#2 [internal function]: yii\base\ActionFilter->beforeFilter(Object(yii\base\ActionEvent))
#3 C:\xampp\htdocs\yii2-starter\vendor\yiisoft\yii2\base\Component.php(627): call_user_func(Array, Object(yii\base\ActionEvent))
#4 C:\xampp\htdocs\yii2-starter\vendor\yiisoft\yii2\base\Module.php(700): yii\base\Component->trigger('beforeAction', Object(yii\base\ActionEvent))
#5 C:\xampp\htdocs\yii2-starter\vendor\yiisoft\yii2\base\Controller.php(145): yii\base\Module->beforeAction(Object(yii\base\InlineAction))
#6 C:\xampp\htdocs\yii2-starter\vendor\yiisoft\yii2\console\Controller.php(148): yii\base\Controller->runAction('', Array)
#7 C:\xampp\htdocs\yii2-starter\vendor\yiisoft\yii2\base\Module.php(528): yii\console\Controller->runAction('', Array)
#8 C:\xampp\htdocs\yii2-starter\vendor\yiisoft\yii2\console\Application.php(180): yii\base\Module->runAction('migrate', Array)
#9 C:\xampp\htdocs\yii2-starter\vendor\yiisoft\yii2\console\Application.php(147): yii\console\Application->runAction('migrate', Array)
#10 C:\xampp\htdocs\yii2-starter\vendor\yiisoft\yii2\base\Application.php(386): yii\console\Application->handleRequest(Object(yii\console\Request))
#11 C:\xampp\htdocs\yii2-starter\yii(23): yii\base\Application->run()
#12 {main}
2018-07-01 07:22:49 [-][-][-][info][application] $_GET = []

$_POST = []

$_FILES = []

$_COOKIE = []

$_SERVER = [
    'ALLUSERSPROFILE' => 'C:\\ProgramData'
    'APPDATA' => 'C:\\Users\\Jesus\\AppData\\Roaming'
    'CommonProgramFiles' => 'C:\\Program Files (x86)\\Common Files'
    'CommonProgramFiles(x86)' => 'C:\\Program Files (x86)\\Common Files'
    'CommonProgramW6432' => 'C:\\Program Files\\Common Files'
    'COMPUTERNAME' => 'JESUS-PC'
    'ComSpec' => 'C:\\Windows\\system32\\cmd.exe'
    'FP_NO_HOST_CHECK' => 'NO'
    'HOMEDRIVE' => 'C:'
    'HOMEPATH' => '\\Users\\Jesus'
    'LOCALAPPDATA' => 'C:\\Users\\Jesus\\AppData\\Local'
    'LOGONSERVER' => '\\\\JESUS-PC'
    'NUMBER_OF_PROCESSORS' => '1'
    'OS' => 'Windows_NT'
    'Path' => 'C:\\ProgramData\\Oracle\\Java\\javapath;C:\\Windows\\system32;C:\\Windows;C:\\Windows\\System32\\Wbem;C:\\Windows\\System32\\WindowsPowerShell\\v1.0\\;C:\\xampp\\php;C:\\ProgramData\\ComposerSetup\\bin;C:\\Program Files\\Git\\cmd;C:\\Users\\Jesus\\AppData\\Roaming\\Composer\\vendor\\bin'
    'PATHEXT' => '.COM;.EXE;.BAT;.CMD;.VBS;.VBE;.JS;.JSE;.WSF;.WSH;.MSC'
    'PHP_COMMAND' => 'php.exe'
    'PROCESSOR_ARCHITECTURE' => 'x86'
    'PROCESSOR_ARCHITEW6432' => 'AMD64'
    'PROCESSOR_IDENTIFIER' => 'Intel64 Family 6 Model 78 Stepping 3, GenuineIntel'
    'PROCESSOR_LEVEL' => '6'
    'PROCESSOR_REVISION' => '4e03'
    'ProgramData' => 'C:\\ProgramData'
    'ProgramFiles' => 'C:\\Program Files (x86)'
    'ProgramFiles(x86)' => 'C:\\Program Files (x86)'
    'ProgramW6432' => 'C:\\Program Files'
    'PROMPT' => '$P$G'
    'PSModulePath' => 'C:\\Windows\\system32\\WindowsPowerShell\\v1.0\\Modules\\'
    'PUBLIC' => 'C:\\Users\\Public'
    'SystemDrive' => 'C:'
    'SystemRoot' => 'C:\\Windows'
    'TEMP' => 'C:\\Users\\Jesus\\AppData\\Local\\Temp'
    'TMP' => 'C:\\Users\\Jesus\\AppData\\Local\\Temp'
    'USERDOMAIN' => 'Jesus-PC'
    'USERNAME' => 'Jesus'
    'USERPROFILE' => 'C:\\Users\\Jesus'
    'windir' => 'C:\\Windows'
    'YII_PATH' => 'C:\\xampp\\htdocs\\yii2-starter\\'
    'PHP_SELF' => 'C:\\xampp\\htdocs\\yii2-starter\\yii'
    'SCRIPT_NAME' => 'C:\\xampp\\htdocs\\yii2-starter\\yii'
    'SCRIPT_FILENAME' => 'C:\\xampp\\htdocs\\yii2-starter\\yii'
    'PATH_TRANSLATED' => 'C:\\xampp\\htdocs\\yii2-starter\\yii'
    'DOCUMENT_ROOT' => ''
    'REQUEST_TIME_FLOAT' => 1530422569.9148
    'REQUEST_TIME' => 1530422569
    'argv' => [
        0 => 'C:\\xampp\\htdocs\\yii2-starter\\yii'
        1 => 'migrate'
        2 => '--migrationPath=vendor/ethercreative/yii2-login-attempts-behavior/src/migrations'
        3 => '--interactive=0'
    ]
    'argc' => 4
]
2018-07-01 07:33:04 [-][-][-][error][yii\base\UnknownPropertyException] exception 'yii\base\UnknownPropertyException' with message 'Getting unknown property: yii\console\ErrorHandler::errorAction' in C:\xampp\htdocs\yii2-starter\vendor\yiisoft\yii2\base\Component.php:154
Stack trace:
#0 C:\xampp\htdocs\yii2-starter\vendor\mdmsoft\yii2-admin\components\AccessControl.php(98): yii\base\Component->__get('errorAction')
#1 C:\xampp\htdocs\yii2-starter\vendor\yiisoft\yii2\base\ActionFilter.php(73): mdm\admin\components\AccessControl->isActive(Object(yii\base\InlineAction))
#2 [internal function]: yii\base\ActionFilter->beforeFilter(Object(yii\base\ActionEvent))
#3 C:\xampp\htdocs\yii2-starter\vendor\yiisoft\yii2\base\Component.php(627): call_user_func(Array, Object(yii\base\ActionEvent))
#4 C:\xampp\htdocs\yii2-starter\vendor\yiisoft\yii2\base\Module.php(700): yii\base\Component->trigger('beforeAction', Object(yii\base\ActionEvent))
#5 C:\xampp\htdocs\yii2-starter\vendor\yiisoft\yii2\base\Controller.php(145): yii\base\Module->beforeAction(Object(yii\base\InlineAction))
#6 C:\xampp\htdocs\yii2-starter\vendor\yiisoft\yii2\console\Controller.php(148): yii\base\Controller->runAction('', Array)
#7 C:\xampp\htdocs\yii2-starter\vendor\yiisoft\yii2\base\Module.php(528): yii\console\Controller->runAction('', Array)
#8 C:\xampp\htdocs\yii2-starter\vendor\yiisoft\yii2\console\Application.php(180): yii\base\Module->runAction('migrate', Array)
#9 C:\xampp\htdocs\yii2-starter\vendor\yiisoft\yii2\console\Application.php(147): yii\console\Application->runAction('migrate', Array)
#10 C:\xampp\htdocs\yii2-starter\vendor\yiisoft\yii2\base\Application.php(386): yii\console\Application->handleRequest(Object(yii\console\Request))
#11 C:\xampp\htdocs\yii2-starter\yii(23): yii\base\Application->run()
#12 {main}
2018-07-01 07:33:04 [-][-][-][info][application] $_GET = []

$_POST = []

$_FILES = []

$_COOKIE = []

$_SERVER = [
    'ALLUSERSPROFILE' => 'C:\\ProgramData'
    'APPDATA' => 'C:\\Users\\Jesus\\AppData\\Roaming'
    'CommonProgramFiles' => 'C:\\Program Files (x86)\\Common Files'
    'CommonProgramFiles(x86)' => 'C:\\Program Files (x86)\\Common Files'
    'CommonProgramW6432' => 'C:\\Program Files\\Common Files'
    'COMPUTERNAME' => 'JESUS-PC'
    'ComSpec' => 'C:\\Windows\\system32\\cmd.exe'
    'FP_NO_HOST_CHECK' => 'NO'
    'HOMEDRIVE' => 'C:'
    'HOMEPATH' => '\\Users\\Jesus'
    'LOCALAPPDATA' => 'C:\\Users\\Jesus\\AppData\\Local'
    'LOGONSERVER' => '\\\\JESUS-PC'
    'NUMBER_OF_PROCESSORS' => '1'
    'OS' => 'Windows_NT'
    'Path' => 'C:\\ProgramData\\Oracle\\Java\\javapath;C:\\Windows\\system32;C:\\Windows;C:\\Windows\\System32\\Wbem;C:\\Windows\\System32\\WindowsPowerShell\\v1.0\\;C:\\xampp\\php;C:\\ProgramData\\ComposerSetup\\bin;C:\\Program Files\\Git\\cmd;C:\\Users\\Jesus\\AppData\\Roaming\\Composer\\vendor\\bin'
    'PATHEXT' => '.COM;.EXE;.BAT;.CMD;.VBS;.VBE;.JS;.JSE;.WSF;.WSH;.MSC'
    'PROCESSOR_ARCHITECTURE' => 'x86'
    'PROCESSOR_ARCHITEW6432' => 'AMD64'
    'PROCESSOR_IDENTIFIER' => 'Intel64 Family 6 Model 78 Stepping 3, GenuineIntel'
    'PROCESSOR_LEVEL' => '6'
    'PROCESSOR_REVISION' => '4e03'
    'ProgramData' => 'C:\\ProgramData'
    'ProgramFiles' => 'C:\\Program Files (x86)'
    'ProgramFiles(x86)' => 'C:\\Program Files (x86)'
    'ProgramW6432' => 'C:\\Program Files'
    'PROMPT' => '$P$G'
    'PSModulePath' => 'C:\\Windows\\system32\\WindowsPowerShell\\v1.0\\Modules\\'
    'PUBLIC' => 'C:\\Users\\Public'
    'SystemDrive' => 'C:'
    'SystemRoot' => 'C:\\Windows'
    'TEMP' => 'C:\\Users\\Jesus\\AppData\\Local\\Temp'
    'TMP' => 'C:\\Users\\Jesus\\AppData\\Local\\Temp'
    'USERDOMAIN' => 'Jesus-PC'
    'USERNAME' => 'Jesus'
    'USERPROFILE' => 'C:\\Users\\Jesus'
    'windir' => 'C:\\Windows'
    'PHP_SELF' => 'yii'
    'SCRIPT_NAME' => 'yii'
    'SCRIPT_FILENAME' => 'yii'
    'PATH_TRANSLATED' => 'yii'
    'DOCUMENT_ROOT' => ''
    'REQUEST_TIME_FLOAT' => 1530423184.1948
    'REQUEST_TIME' => 1530423184
    'argv' => [
        0 => 'yii'
        1 => 'migrate'
        2 => '--migrationPath=@app/vendor/ethercreative/yii2-login-attempts-behavior/src/migrations'
        3 => '--interactive=0'
    ]
    'argc' => 4
]
2018-07-04 07:31:17 [-][-][-][error][yii\base\UnknownPropertyException] exception 'yii\base\UnknownPropertyException' with message 'Getting unknown property: yii\console\ErrorHandler::errorAction' in C:\xampp\htdocs\yii2-starter\vendor\yiisoft\yii2\base\Component.php:154
Stack trace:
#0 C:\xampp\htdocs\yii2-starter\vendor\mdmsoft\yii2-admin\components\AccessControl.php(98): yii\base\Component->__get('errorAction')
#1 C:\xampp\htdocs\yii2-starter\vendor\yiisoft\yii2\base\ActionFilter.php(73): mdm\admin\components\AccessControl->isActive(Object(yii\base\InlineAction))
#2 [internal function]: yii\base\ActionFilter->beforeFilter(Object(yii\base\ActionEvent))
#3 C:\xampp\htdocs\yii2-starter\vendor\yiisoft\yii2\base\Component.php(627): call_user_func(Array, Object(yii\base\ActionEvent))
#4 C:\xampp\htdocs\yii2-starter\vendor\yiisoft\yii2\base\Module.php(700): yii\base\Component->trigger('beforeAction', Object(yii\base\ActionEvent))
#5 C:\xampp\htdocs\yii2-starter\vendor\yiisoft\yii2\base\Controller.php(145): yii\base\Module->beforeAction(Object(yii\base\InlineAction))
#6 C:\xampp\htdocs\yii2-starter\vendor\yiisoft\yii2\console\Controller.php(148): yii\base\Controller->runAction('', Array)
#7 C:\xampp\htdocs\yii2-starter\vendor\yiisoft\yii2\base\Module.php(528): yii\console\Controller->runAction('', Array)
#8 C:\xampp\htdocs\yii2-starter\vendor\yiisoft\yii2\console\Application.php(180): yii\base\Module->runAction('migrate', Array)
#9 C:\xampp\htdocs\yii2-starter\vendor\yiisoft\yii2\console\Application.php(147): yii\console\Application->runAction('migrate', Array)
#10 C:\xampp\htdocs\yii2-starter\vendor\yiisoft\yii2\base\Application.php(386): yii\console\Application->handleRequest(Object(yii\console\Request))
#11 C:\xampp\htdocs\yii2-starter\yii(23): yii\base\Application->run()
#12 {main}
2018-07-04 07:31:17 [-][-][-][info][application] $_GET = []

$_POST = []

$_FILES = []

$_COOKIE = []

$_SERVER = [
    'ALLUSERSPROFILE' => 'C:\\ProgramData'
    'APPDATA' => 'C:\\Users\\Jesus\\AppData\\Roaming'
    'CommonProgramFiles' => 'C:\\Program Files (x86)\\Common Files'
    'CommonProgramFiles(x86)' => 'C:\\Program Files (x86)\\Common Files'
    'CommonProgramW6432' => 'C:\\Program Files\\Common Files'
    'COMPUTERNAME' => 'JESUS-PC'
    'ComSpec' => 'C:\\Windows\\system32\\cmd.exe'
    'FP_NO_HOST_CHECK' => 'NO'
    'HOMEDRIVE' => 'C:'
    'HOMEPATH' => '\\Users\\Jesus'
    'LOCALAPPDATA' => 'C:\\Users\\Jesus\\AppData\\Local'
    'LOGONSERVER' => '\\\\JESUS-PC'
    'NUMBER_OF_PROCESSORS' => '1'
    'OS' => 'Windows_NT'
    'Path' => 'C:\\ProgramData\\Oracle\\Java\\javapath;C:\\Windows\\system32;C:\\Windows;C:\\Windows\\System32\\Wbem;C:\\Windows\\System32\\WindowsPowerShell\\v1.0\\;C:\\xampp\\php;C:\\ProgramData\\ComposerSetup\\bin;C:\\Program Files\\Git\\cmd;C:\\Users\\Jesus\\AppData\\Roaming\\Composer\\vendor\\bin'
    'PATHEXT' => '.COM;.EXE;.BAT;.CMD;.VBS;.VBE;.JS;.JSE;.WSF;.WSH;.MSC'
    'PROCESSOR_ARCHITECTURE' => 'x86'
    'PROCESSOR_ARCHITEW6432' => 'AMD64'
    'PROCESSOR_IDENTIFIER' => 'Intel64 Family 6 Model 78 Stepping 3, GenuineIntel'
    'PROCESSOR_LEVEL' => '6'
    'PROCESSOR_REVISION' => '4e03'
    'ProgramData' => 'C:\\ProgramData'
    'ProgramFiles' => 'C:\\Program Files (x86)'
    'ProgramFiles(x86)' => 'C:\\Program Files (x86)'
    'ProgramW6432' => 'C:\\Program Files'
    'PROMPT' => '$P$G'
    'PSModulePath' => 'C:\\Windows\\system32\\WindowsPowerShell\\v1.0\\Modules\\'
    'PUBLIC' => 'C:\\Users\\Public'
    'SystemDrive' => 'C:'
    'SystemRoot' => 'C:\\Windows'
    'TEMP' => 'C:\\Users\\Jesus\\AppData\\Local\\Temp'
    'TMP' => 'C:\\Users\\Jesus\\AppData\\Local\\Temp'
    'USERDOMAIN' => 'Jesus-PC'
    'USERNAME' => 'Jesus'
    'USERPROFILE' => 'C:\\Users\\Jesus'
    'windir' => 'C:\\Windows'
    'PHP_SELF' => 'yii'
    'SCRIPT_NAME' => 'yii'
    'SCRIPT_FILENAME' => 'yii'
    'PATH_TRANSLATED' => 'yii'
    'DOCUMENT_ROOT' => ''
    'REQUEST_TIME_FLOAT' => 1530682277.1836
    'REQUEST_TIME' => 1530682277
    'argv' => [
        0 => 'yii'
        1 => 'migrate'
        2 => '--migrationPath=@vendor/giannisdag/yii2-check-login-attempts/src/migrations'
        3 => '--interactive=0'
    ]
    'argc' => 4
]
2018-07-04 07:59:45 [-][-][-][error][yii\base\UnknownPropertyException] exception 'yii\base\UnknownPropertyException' with message 'Getting unknown property: yii\console\ErrorHandler::errorAction' in C:\xampp\htdocs\yii2-starter\vendor\yiisoft\yii2\base\Component.php:154
Stack trace:
#0 C:\xampp\htdocs\yii2-starter\vendor\mdmsoft\yii2-admin\components\AccessControl.php(98): yii\base\Component->__get('errorAction')
#1 C:\xampp\htdocs\yii2-starter\vendor\yiisoft\yii2\base\ActionFilter.php(73): mdm\admin\components\AccessControl->isActive(Object(yii\base\InlineAction))
#2 [internal function]: yii\base\ActionFilter->beforeFilter(Object(yii\base\ActionEvent))
#3 C:\xampp\htdocs\yii2-starter\vendor\yiisoft\yii2\base\Component.php(627): call_user_func(Array, Object(yii\base\ActionEvent))
#4 C:\xampp\htdocs\yii2-starter\vendor\yiisoft\yii2\base\Module.php(700): yii\base\Component->trigger('beforeAction', Object(yii\base\ActionEvent))
#5 C:\xampp\htdocs\yii2-starter\vendor\yiisoft\yii2\base\Controller.php(145): yii\base\Module->beforeAction(Object(yii\base\InlineAction))
#6 C:\xampp\htdocs\yii2-starter\vendor\yiisoft\yii2\console\Controller.php(148): yii\base\Controller->runAction('', Array)
#7 C:\xampp\htdocs\yii2-starter\vendor\yiisoft\yii2\base\Module.php(528): yii\console\Controller->runAction('', Array)
#8 C:\xampp\htdocs\yii2-starter\vendor\yiisoft\yii2\console\Application.php(180): yii\base\Module->runAction('migrate', Array)
#9 C:\xampp\htdocs\yii2-starter\vendor\yiisoft\yii2\console\Application.php(147): yii\console\Application->runAction('migrate', Array)
#10 C:\xampp\htdocs\yii2-starter\vendor\yiisoft\yii2\base\Application.php(386): yii\console\Application->handleRequest(Object(yii\console\Request))
#11 C:\xampp\htdocs\yii2-starter\yii(23): yii\base\Application->run()
#12 {main}
2018-07-04 07:59:45 [-][-][-][info][application] $_GET = []

$_POST = []

$_FILES = []

$_COOKIE = []

$_SERVER = [
    'ALLUSERSPROFILE' => 'C:\\ProgramData'
    'APPDATA' => 'C:\\Users\\Jesus\\AppData\\Roaming'
    'CommonProgramFiles' => 'C:\\Program Files (x86)\\Common Files'
    'CommonProgramFiles(x86)' => 'C:\\Program Files (x86)\\Common Files'
    'CommonProgramW6432' => 'C:\\Program Files\\Common Files'
    'COMPUTERNAME' => 'JESUS-PC'
    'ComSpec' => 'C:\\Windows\\system32\\cmd.exe'
    'FP_NO_HOST_CHECK' => 'NO'
    'HOMEDRIVE' => 'C:'
    'HOMEPATH' => '\\Users\\Jesus'
    'LOCALAPPDATA' => 'C:\\Users\\Jesus\\AppData\\Local'
    'LOGONSERVER' => '\\\\JESUS-PC'
    'NUMBER_OF_PROCESSORS' => '1'
    'OS' => 'Windows_NT'
    'Path' => 'C:\\ProgramData\\Oracle\\Java\\javapath;C:\\Windows\\system32;C:\\Windows;C:\\Windows\\System32\\Wbem;C:\\Windows\\System32\\WindowsPowerShell\\v1.0\\;C:\\xampp\\php;C:\\ProgramData\\ComposerSetup\\bin;C:\\Program Files\\Git\\cmd;C:\\Users\\Jesus\\AppData\\Roaming\\Composer\\vendor\\bin'
    'PATHEXT' => '.COM;.EXE;.BAT;.CMD;.VBS;.VBE;.JS;.JSE;.WSF;.WSH;.MSC'
    'PROCESSOR_ARCHITECTURE' => 'x86'
    'PROCESSOR_ARCHITEW6432' => 'AMD64'
    'PROCESSOR_IDENTIFIER' => 'Intel64 Family 6 Model 78 Stepping 3, GenuineIntel'
    'PROCESSOR_LEVEL' => '6'
    'PROCESSOR_REVISION' => '4e03'
    'ProgramData' => 'C:\\ProgramData'
    'ProgramFiles' => 'C:\\Program Files (x86)'
    'ProgramFiles(x86)' => 'C:\\Program Files (x86)'
    'ProgramW6432' => 'C:\\Program Files'
    'PROMPT' => '$P$G'
    'PSModulePath' => 'C:\\Windows\\system32\\WindowsPowerShell\\v1.0\\Modules\\'
    'PUBLIC' => 'C:\\Users\\Public'
    'SystemDrive' => 'C:'
    'SystemRoot' => 'C:\\Windows'
    'TEMP' => 'C:\\Users\\Jesus\\AppData\\Local\\Temp'
    'TMP' => 'C:\\Users\\Jesus\\AppData\\Local\\Temp'
    'USERDOMAIN' => 'Jesus-PC'
    'USERNAME' => 'Jesus'
    'USERPROFILE' => 'C:\\Users\\Jesus'
    'windir' => 'C:\\Windows'
    'PHP_SELF' => 'yii'
    'SCRIPT_NAME' => 'yii'
    'SCRIPT_FILENAME' => 'yii'
    'PATH_TRANSLATED' => 'yii'
    'DOCUMENT_ROOT' => ''
    'REQUEST_TIME_FLOAT' => 1530683985.5775
    'REQUEST_TIME' => 1530683985
    'argv' => [
        0 => 'yii'
        1 => 'migrate'
        2 => '--migrationPath=@vendor/giannisdag/yii2-check-login-attempts/src/migrations'
        3 => '--interactive=0'
    ]
    'argc' => 4
]
2018-07-04 08:03:15 [-][-][-][error][yii\base\UnknownPropertyException] exception 'yii\base\UnknownPropertyException' with message 'Getting unknown property: yii\console\ErrorHandler::errorAction' in C:\xampp\htdocs\yii2-starter\vendor\yiisoft\yii2\base\Component.php:154
Stack trace:
#0 C:\xampp\htdocs\yii2-starter\vendor\mdmsoft\yii2-admin\components\AccessControl.php(98): yii\base\Component->__get('errorAction')
#1 C:\xampp\htdocs\yii2-starter\vendor\yiisoft\yii2\base\ActionFilter.php(73): mdm\admin\components\AccessControl->isActive(Object(yii\base\InlineAction))
#2 [internal function]: yii\base\ActionFilter->beforeFilter(Object(yii\base\ActionEvent))
#3 C:\xampp\htdocs\yii2-starter\vendor\yiisoft\yii2\base\Component.php(627): call_user_func(Array, Object(yii\base\ActionEvent))
#4 C:\xampp\htdocs\yii2-starter\vendor\yiisoft\yii2\base\Module.php(700): yii\base\Component->trigger('beforeAction', Object(yii\base\ActionEvent))
#5 C:\xampp\htdocs\yii2-starter\vendor\yiisoft\yii2\base\Controller.php(145): yii\base\Module->beforeAction(Object(yii\base\InlineAction))
#6 C:\xampp\htdocs\yii2-starter\vendor\yiisoft\yii2\console\Controller.php(148): yii\base\Controller->runAction('', Array)
#7 C:\xampp\htdocs\yii2-starter\vendor\yiisoft\yii2\base\Module.php(528): yii\console\Controller->runAction('', Array)
#8 C:\xampp\htdocs\yii2-starter\vendor\yiisoft\yii2\console\Application.php(180): yii\base\Module->runAction('migrate', Array)
#9 C:\xampp\htdocs\yii2-starter\vendor\yiisoft\yii2\console\Application.php(147): yii\console\Application->runAction('migrate', Array)
#10 C:\xampp\htdocs\yii2-starter\vendor\yiisoft\yii2\base\Application.php(386): yii\console\Application->handleRequest(Object(yii\console\Request))
#11 C:\xampp\htdocs\yii2-starter\yii(23): yii\base\Application->run()
#12 {main}
2018-07-04 08:03:15 [-][-][-][info][application] $_GET = []

$_POST = []

$_FILES = []

$_COOKIE = []

$_SERVER = [
    'ALLUSERSPROFILE' => 'C:\\ProgramData'
    'APPDATA' => 'C:\\Users\\Jesus\\AppData\\Roaming'
    'CommonProgramFiles' => 'C:\\Program Files (x86)\\Common Files'
    'CommonProgramFiles(x86)' => 'C:\\Program Files (x86)\\Common Files'
    'CommonProgramW6432' => 'C:\\Program Files\\Common Files'
    'COMPUTERNAME' => 'JESUS-PC'
    'ComSpec' => 'C:\\Windows\\system32\\cmd.exe'
    'FP_NO_HOST_CHECK' => 'NO'
    'HOMEDRIVE' => 'C:'
    'HOMEPATH' => '\\Users\\Jesus'
    'LOCALAPPDATA' => 'C:\\Users\\Jesus\\AppData\\Local'
    'LOGONSERVER' => '\\\\JESUS-PC'
    'NUMBER_OF_PROCESSORS' => '1'
    'OS' => 'Windows_NT'
    'Path' => 'C:\\ProgramData\\Oracle\\Java\\javapath;C:\\Windows\\system32;C:\\Windows;C:\\Windows\\System32\\Wbem;C:\\Windows\\System32\\WindowsPowerShell\\v1.0\\;C:\\xampp\\php;C:\\ProgramData\\ComposerSetup\\bin;C:\\Program Files\\Git\\cmd;C:\\Users\\Jesus\\AppData\\Roaming\\Composer\\vendor\\bin'
    'PATHEXT' => '.COM;.EXE;.BAT;.CMD;.VBS;.VBE;.JS;.JSE;.WSF;.WSH;.MSC'
    'PROCESSOR_ARCHITECTURE' => 'x86'
    'PROCESSOR_ARCHITEW6432' => 'AMD64'
    'PROCESSOR_IDENTIFIER' => 'Intel64 Family 6 Model 78 Stepping 3, GenuineIntel'
    'PROCESSOR_LEVEL' => '6'
    'PROCESSOR_REVISION' => '4e03'
    'ProgramData' => 'C:\\ProgramData'
    'ProgramFiles' => 'C:\\Program Files (x86)'
    'ProgramFiles(x86)' => 'C:\\Program Files (x86)'
    'ProgramW6432' => 'C:\\Program Files'
    'PROMPT' => '$P$G'
    'PSModulePath' => 'C:\\Windows\\system32\\WindowsPowerShell\\v1.0\\Modules\\'
    'PUBLIC' => 'C:\\Users\\Public'
    'SystemDrive' => 'C:'
    'SystemRoot' => 'C:\\Windows'
    'TEMP' => 'C:\\Users\\Jesus\\AppData\\Local\\Temp'
    'TMP' => 'C:\\Users\\Jesus\\AppData\\Local\\Temp'
    'USERDOMAIN' => 'Jesus-PC'
    'USERNAME' => 'Jesus'
    'USERPROFILE' => 'C:\\Users\\Jesus'
    'windir' => 'C:\\Windows'
    'PHP_SELF' => 'yii'
    'SCRIPT_NAME' => 'yii'
    'SCRIPT_FILENAME' => 'yii'
    'PATH_TRANSLATED' => 'yii'
    'DOCUMENT_ROOT' => ''
    'REQUEST_TIME_FLOAT' => 1530684195.2248
    'REQUEST_TIME' => 1530684195
    'argv' => [
        0 => 'yii'
        1 => 'migrate'
        2 => '--migrationPath=@vendor/giannisdag/yii2-check-login-attempts/src/migrations'
        3 => '--interactive=0'
    ]
    'argc' => 4
]
